<?xml version="1.0" encoding="UTF-8"?>
<testsuite xmlns:xsi="http://www.w3.org/2001/XMLSchema-instance" xsi:noNamespaceSchemaLocation="https://maven.apache.org/surefire/maven-surefire-plugin/xsd/surefire-test-report.xsd" name="StringPropertiesTest" time="0.256" tests="1" errors="0" skipped="0" failures="0">
  <properties>
    <property name="awt.toolkit" value="sun.awt.X11.XToolkit"/>
    <property name="file.encoding.pkg" value="sun.io"/>
    <property name="java.specification.version" value="1.8"/>
    <property name="sun.cpu.isalist" value=""/>
    <property name="sun.jnu.encoding" value="UTF-8"/>
    <property name="java.class.path" value="/home/suhyun/Zest/tutorial/my-app/target/test-classes:/home/suhyun/Zest/tutorial/my-app/target/classes:/home/suhyun/.m2/repository/junit/junit/4.13.2/junit-4.13.2.jar:/home/suhyun/.m2/repository/org/hamcrest/hamcrest-core/1.3/hamcrest-core-1.3.jar:/home/suhyun/.m2/repository/com/pholser/junit-quickcheck-core/1.0/junit-quickcheck-core-1.0.jar:/home/suhyun/.m2/repository/org/javaruntype/javaruntype/1.3/javaruntype-1.3.jar:/home/suhyun/.m2/repository/org/antlr/antlr-runtime/3.1.2/antlr-runtime-3.1.2.jar:/home/suhyun/.m2/repository/ognl/ognl/3.1.12/ognl-3.1.12.jar:/home/suhyun/.m2/repository/org/javassist/javassist/3.20.0-GA/javassist-3.20.0-GA.jar:/home/suhyun/.m2/repository/ru/vyarus/generics-resolver/3.0.1/generics-resolver-3.0.1.jar:/home/suhyun/.m2/repository/org/slf4j/slf4j-api/1.7.25/slf4j-api-1.7.25.jar:/home/suhyun/.m2/repository/com/pholser/junit-quickcheck-generators/1.0/junit-quickcheck-generators-1.0.jar:/home/suhyun/.m2/repository/com/pholser/junit-quickcheck-guava/1.0/junit-quickcheck-guava-1.0.jar:/home/suhyun/.m2/repository/com/google/guava/guava/29.0-jre/guava-29.0-jre.jar:/home/suhyun/.m2/repository/com/google/guava/failureaccess/1.0.1/failureaccess-1.0.1.jar:/home/suhyun/.m2/repository/com/google/guava/listenablefuture/9999.0-empty-to-avoid-conflict-with-guava/listenablefuture-9999.0-empty-to-avoid-conflict-with-guava.jar:/home/suhyun/.m2/repository/com/google/code/findbugs/jsr305/3.0.2/jsr305-3.0.2.jar:/home/suhyun/.m2/repository/org/checkerframework/checker-qual/2.11.1/checker-qual-2.11.1.jar:/home/suhyun/.m2/repository/com/google/errorprone/error_prone_annotations/2.3.4/error_prone_annotations-2.3.4.jar:/home/suhyun/.m2/repository/com/google/j2objc/j2objc-annotations/1.3/j2objc-annotations-1.3.jar:"/>
    <property name="java.vm.vendor" value="ojdkbuild"/>
    <property name="sun.arch.data.model" value="64"/>
    <property name="java.vendor.url" value="https://github.com/ojdkbuild"/>
    <property name="user.timezone" value=""/>
    <property name="java.vm.specification.version" value="1.8"/>
    <property name="os.name" value="Linux"/>
    <property name="user.country" value="US"/>
    <property name="sun.java.launcher" value="SUN_STANDARD"/>
    <property name="sun.boot.library.path" value="/usr/local/java/jdk1.8.0_252/jre/lib/amd64"/>
    <property name="sun.java.command" value="/home/suhyun/Zest/tutorial/my-app/target/surefire/surefirebooter2832861326889386916.jar /home/suhyun/Zest/tutorial/my-app/target/surefire 2022-06-05T22-07-15_090-jvmRun1 surefire3404395494163105779tmp surefire_0571829696173151645tmp"/>
    <property name="surefire.test.class.path" value="/home/suhyun/Zest/tutorial/my-app/target/test-classes:/home/suhyun/Zest/tutorial/my-app/target/classes:/home/suhyun/.m2/repository/junit/junit/4.13.2/junit-4.13.2.jar:/home/suhyun/.m2/repository/org/hamcrest/hamcrest-core/1.3/hamcrest-core-1.3.jar:/home/suhyun/.m2/repository/com/pholser/junit-quickcheck-core/1.0/junit-quickcheck-core-1.0.jar:/home/suhyun/.m2/repository/org/javaruntype/javaruntype/1.3/javaruntype-1.3.jar:/home/suhyun/.m2/repository/org/antlr/antlr-runtime/3.1.2/antlr-runtime-3.1.2.jar:/home/suhyun/.m2/repository/ognl/ognl/3.1.12/ognl-3.1.12.jar:/home/suhyun/.m2/repository/org/javassist/javassist/3.20.0-GA/javassist-3.20.0-GA.jar:/home/suhyun/.m2/repository/ru/vyarus/generics-resolver/3.0.1/generics-resolver-3.0.1.jar:/home/suhyun/.m2/repository/org/slf4j/slf4j-api/1.7.25/slf4j-api-1.7.25.jar:/home/suhyun/.m2/repository/com/pholser/junit-quickcheck-generators/1.0/junit-quickcheck-generators-1.0.jar:/home/suhyun/.m2/repository/com/pholser/junit-quickcheck-guava/1.0/junit-quickcheck-guava-1.0.jar:/home/suhyun/.m2/repository/com/google/guava/guava/29.0-jre/guava-29.0-jre.jar:/home/suhyun/.m2/repository/com/google/guava/failureaccess/1.0.1/failureaccess-1.0.1.jar:/home/suhyun/.m2/repository/com/google/guava/listenablefuture/9999.0-empty-to-avoid-conflict-with-guava/listenablefuture-9999.0-empty-to-avoid-conflict-with-guava.jar:/home/suhyun/.m2/repository/com/google/code/findbugs/jsr305/3.0.2/jsr305-3.0.2.jar:/home/suhyun/.m2/repository/org/checkerframework/checker-qual/2.11.1/checker-qual-2.11.1.jar:/home/suhyun/.m2/repository/com/google/errorprone/error_prone_annotations/2.3.4/error_prone_annotations-2.3.4.jar:/home/suhyun/.m2/repository/com/google/j2objc/j2objc-annotations/1.3/j2objc-annotations-1.3.jar:"/>
    <property name="sun.cpu.endian" value="little"/>
    <property name="user.home" value="/home/suhyun"/>
    <property name="user.language" value="en"/>
    <property name="java.specification.vendor" value="Oracle Corporation"/>
    <property name="java.home" value="/usr/local/java/jdk1.8.0_252/jre"/>
    <property name="basedir" value="/home/suhyun/Zest/tutorial/my-app"/>
    <property name="file.separator" value="/"/>
    <property name="line.separator" value="&#10;"/>
    <property name="java.vm.specification.vendor" value="Oracle Corporation"/>
    <property name="java.specification.name" value="Java Platform API Specification"/>
    <property name="java.awt.graphicsenv" value="sun.awt.X11GraphicsEnvironment"/>
    <property name="surefire.real.class.path" value="/home/suhyun/Zest/tutorial/my-app/target/surefire/surefirebooter2832861326889386916.jar"/>
    <property name="sun.boot.class.path" value="/usr/local/java/jdk1.8.0_252/jre/lib/resources.jar:/usr/local/java/jdk1.8.0_252/jre/lib/rt.jar:/usr/local/java/jdk1.8.0_252/jre/lib/sunrsasign.jar:/usr/local/java/jdk1.8.0_252/jre/lib/jsse.jar:/usr/local/java/jdk1.8.0_252/jre/lib/jce.jar:/usr/local/java/jdk1.8.0_252/jre/lib/charsets.jar:/usr/local/java/jdk1.8.0_252/jre/lib/jfr.jar:/usr/local/java/jdk1.8.0_252/jre/classes"/>
    <property name="sun.management.compiler" value="HotSpot 64-Bit Tiered Compilers"/>
    <property name="java.runtime.version" value="1.8.0_252-09"/>
    <property name="user.name" value="suhyun"/>
    <property name="path.separator" value=":"/>
    <property name="os.version" value="5.4.0-96-generic"/>
    <property name="java.endorsed.dirs" value="/usr/local/java/jdk1.8.0_252/jre/lib/endorsed"/>
    <property name="java.runtime.name" value="OpenJDK Runtime Environment"/>
    <property name="file.encoding" value="UTF-8"/>
    <property name="java.vm.name" value="OpenJDK 64-Bit Server VM"/>
    <property name="localRepository" value="/home/suhyun/.m2/repository"/>
    <property name="java.vendor.url.bug" value="https://github.com/ojdkbuild/ojdkbuild/issues"/>
    <property name="java.io.tmpdir" value="/tmp"/>
    <property name="java.version" value="1.8.0_252"/>
    <property name="user.dir" value="/home/suhyun/Zest/tutorial/my-app"/>
    <property name="os.arch" value="amd64"/>
    <property name="java.vm.specification.name" value="Java Virtual Machine Specification"/>
    <property name="java.awt.printerjob" value="sun.print.PSPrinterJob"/>
    <property name="sun.os.patch.level" value="unknown"/>
    <property name="java.library.path" value="/usr/java/packages/lib/amd64:/usr/lib64:/lib64:/lib:/usr/lib"/>
    <property name="java.vm.info" value="mixed mode"/>
    <property name="java.vendor" value="ojdkbuild"/>
    <property name="java.vm.version" value="25.252-b09"/>
    <property name="java.ext.dirs" value="/usr/local/java/jdk1.8.0_252/jre/lib/ext:/usr/java/packages/lib/ext"/>
    <property name="sun.io.unicode.encoding" value="UnicodeLittle"/>
    <property name="java.class.version" value="52.0"/>
  </properties>
  <testcase name="ConcatenationLength" classname="StringPropertiesTest" time="0.036"/>
</testsuite>